{"C:\\Projects\\BankDAppBackend\\src\\routers\\functions\\GetFetchAllAcount.js": {"path":"C:\\Projects\\BankDAppBackend\\src\\routers\\functions\\GetFetchAllAcount.js","statementMap":{"0":{"start":{"line":1,"column":15},"end":{"line":1,"column":44}},"1":{"start":{"line":2,"column":16},"end":{"line":2,"column":40}},"2":{"start":{"line":4,"column":0},"end":{"line":9,"column":5}},"3":{"start":{"line":4,"column":31},"end":{"line":9,"column":4}},"4":{"start":{"line":5,"column":16},"end":{"line":5,"column":30}},"5":{"start":{"line":7,"column":4},"end":{"line":7,"column":42}},"6":{"start":{"line":8,"column":4},"end":{"line":8,"column":14}}},"fnMap":{"0":{"name":"(anonymous_0)","decl":{"start":{"line":4,"column":17},"end":{"line":4,"column":18}},"loc":{"start":{"line":4,"column":31},"end":{"line":9,"column":4}},"line":4},"1":{"name":"(anonymous_1)","decl":{"start":{"line":5,"column":8},"end":{"line":5,"column":9}},"loc":{"start":{"line":5,"column":16},"end":{"line":5,"column":30}},"line":5},"2":{"name":"(anonymous_2)","decl":{"start":{"line":6,"column":9},"end":{"line":6,"column":10}},"loc":{"start":{"line":6,"column":16},"end":{"line":9,"column":3}},"line":6}},"branchMap":{},"s":{"0":1,"1":1,"2":1,"3":2,"4":1,"5":1,"6":1},"f":{"0":2,"1":1,"2":1},"b":{},"_coverageSchema":"332fd63041d2c1bcb487cc26dd0d5f7d97098a6c","hash":"d6ac3216ea5a90828f98a6d9ee35e2094869dd2b"}
}
